  Test.cpp
  Main.cpp
  AppendToStringTest.cpp
  AtStringIndexTest.cpp
  CStringTest.cpp
  ContainsStringTest.cpp
  EmptyStringTest.cpp
  EndsWithStringTest.cpp
  FirstIndexNotOfStringTest.cpp
  FirstIndexOfStringTest.cpp
  IndexOfStringTest.cpp
  InvertStringTest.cpp
  LastIndexOfStringTest.cpp
  LengthStringTest.cpp
  LowerCaseStringTest.cpp
  PrintStringTest.cpp
  RemoveFromStringTest.cpp
  ReplaceStringTest.cpp
  ResizeStringTest.cpp
  SplitStringTest.cpp
  Code wird generiert...
  Kompilieren...
  StartsWithStringTest.cpp
  SubStringTest.cpp
  ToStringTest.cpp
  UpperCaseStringTest.cpp
  WStringTest.cpp
  Code wird generiert...
  FakeString.vcxproj -> K:\Programme\FakeString\FakeString\bin\Debug-Win32\FakeString.exe
